<?xml version="1.0" encoding="UTF-8"?>
<testsuite name="yvesdj.ap.be.bitrisetest.ExampleUnitTest" tests="3" skipped="0" failures="0" errors="0" timestamp="2018-12-20T13:02:32" hostname="DESKTOP-NO9BV2Q" time="0.002">
  <properties/>
  <testcase name="add_big_isCorrect" classname="yvesdj.ap.be.bitrisetest.ExampleUnitTest" time="0.001"/>
  <testcase name="add_twodigits_isCorrect" classname="yvesdj.ap.be.bitrisetest.ExampleUnitTest" time="0.0"/>
  <testcase name="add_isCorrect" classname="yvesdj.ap.be.bitrisetest.ExampleUnitTest" time="0.0"/>
  <system-out><![CDATA[]]></system-out>
  <system-err><![CDATA[]]></system-err>
</testsuite>
